C:\USERS\MARK\DOCUMENTS\VISUAL STUDIO 2012\PROJECTS\DEMOZ\DEMOZ\DEBUG\HANDLERS.OBJ
C:\USERS\MARK\DOCUMENTS\VISUAL STUDIO 2012\PROJECTS\DEMOZ\DEMOZ\DEBUG\MAIN.OBJ
C:\USERS\MARK\DOCUMENTS\VISUAL STUDIO 2012\PROJECTS\DEMOZ\DEMOZ\DEBUG\TDEMO.OBJ
C:\USERS\MARK\DOCUMENTS\VISUAL STUDIO 2012\PROJECTS\DEMOZ\DEMOZ\DEBUG\TDEMOLIST.OBJ
C:\USERS\MARK\DOCUMENTS\VISUAL STUDIO 2012\PROJECTS\DEMOZ\DEMOZ\DEBUG\TDSFFILE.OBJ
C:\USERS\MARK\DOCUMENTS\VISUAL STUDIO 2012\PROJECTS\DEMOZ\DEMOZ\DEBUG\VC110.PDB
C:\USERS\MARK\DOCUMENTS\VISUAL STUDIO 2012\PROJECTS\DEMOZ\DEMOZ\DEBUG\TBSPDEMO.OBJ
C:\USERS\MARK\DOCUMENTS\VISUAL STUDIO 2012\PROJECTS\DEMOZ\DEMOZ\DEBUG\TOCTREEDEMO.OBJ
C:\USERS\MARK\DOCUMENTS\VISUAL STUDIO 2012\PROJECTS\DEMOZ\DEBUG\DEMOZ.ILK
C:\USERS\MARK\DOCUMENTS\VISUAL STUDIO 2012\PROJECTS\DEMOZ\DEBUG\DEMOZ.EXE
C:\USERS\MARK\DOCUMENTS\VISUAL STUDIO 2012\PROJECTS\DEMOZ\DEBUG\DEMOZ.PDB
C:\Users\Mark\Documents\Visual Studio 2012\Projects\Demoz\Demoz\Debug\Handlers.obj
C:\Users\Mark\Documents\Visual Studio 2012\Projects\Demoz\Demoz\Debug\Main.obj
C:\Users\Mark\Documents\Visual Studio 2012\Projects\Demoz\Demoz\Debug\tBSPDemo.obj
C:\Users\Mark\Documents\Visual Studio 2012\Projects\Demoz\Demoz\Debug\tDemo.obj
C:\Users\Mark\Documents\Visual Studio 2012\Projects\Demoz\Demoz\Debug\tDemoList.obj
C:\Users\Mark\Documents\Visual Studio 2012\Projects\Demoz\Demoz\Debug\tDSFFile.obj
C:\Users\Mark\Documents\Visual Studio 2012\Projects\Demoz\Demoz\Debug\tOctreeDemo.obj
C:\Users\Mark\Documents\Visual Studio 2012\Projects\Demoz\Demoz\Debug\cl.command.1.tlog
C:\Users\Mark\Documents\Visual Studio 2012\Projects\Demoz\Demoz\Debug\CL.read.1.tlog
C:\Users\Mark\Documents\Visual Studio 2012\Projects\Demoz\Demoz\Debug\CL.write.1.tlog
C:\Users\Mark\Documents\Visual Studio 2012\Projects\Demoz\Demoz\Debug\link-cvtres.read.1.tlog
C:\Users\Mark\Documents\Visual Studio 2012\Projects\Demoz\Demoz\Debug\link-cvtres.write.1.tlog
C:\Users\Mark\Documents\Visual Studio 2012\Projects\Demoz\Demoz\Debug\link-rc.read.1.tlog
C:\Users\Mark\Documents\Visual Studio 2012\Projects\Demoz\Demoz\Debug\link-rc.write.1.tlog
C:\Users\Mark\Documents\Visual Studio 2012\Projects\Demoz\Demoz\Debug\link.10024-cvtres.read.1.tlog
C:\Users\Mark\Documents\Visual Studio 2012\Projects\Demoz\Demoz\Debug\link.10024-cvtres.write.1.tlog
C:\Users\Mark\Documents\Visual Studio 2012\Projects\Demoz\Demoz\Debug\link.10024-rc.read.1.tlog
C:\Users\Mark\Documents\Visual Studio 2012\Projects\Demoz\Demoz\Debug\link.10024-rc.write.1.tlog
C:\Users\Mark\Documents\Visual Studio 2012\Projects\Demoz\Demoz\Debug\link.10024.read.1.tlog
C:\Users\Mark\Documents\Visual Studio 2012\Projects\Demoz\Demoz\Debug\link.10024.write.1.tlog
C:\Users\Mark\Documents\Visual Studio 2012\Projects\Demoz\Demoz\Debug\link.10324-cvtres.read.1.tlog
C:\Users\Mark\Documents\Visual Studio 2012\Projects\Demoz\Demoz\Debug\link.10324-cvtres.write.1.tlog
C:\Users\Mark\Documents\Visual Studio 2012\Projects\Demoz\Demoz\Debug\link.10324-rc.read.1.tlog
C:\Users\Mark\Documents\Visual Studio 2012\Projects\Demoz\Demoz\Debug\link.10324-rc.write.1.tlog
C:\Users\Mark\Documents\Visual Studio 2012\Projects\Demoz\Demoz\Debug\link.10324.read.1.tlog
C:\Users\Mark\Documents\Visual Studio 2012\Projects\Demoz\Demoz\Debug\link.10324.write.1.tlog
C:\Users\Mark\Documents\Visual Studio 2012\Projects\Demoz\Demoz\Debug\link.10588-cvtres.read.1.tlog
C:\Users\Mark\Documents\Visual Studio 2012\Projects\Demoz\Demoz\Debug\link.10588-cvtres.write.1.tlog
C:\Users\Mark\Documents\Visual Studio 2012\Projects\Demoz\Demoz\Debug\link.10588-rc.read.1.tlog
C:\Users\Mark\Documents\Visual Studio 2012\Projects\Demoz\Demoz\Debug\link.10588-rc.write.1.tlog
C:\Users\Mark\Documents\Visual Studio 2012\Projects\Demoz\Demoz\Debug\link.10588.read.1.tlog
C:\Users\Mark\Documents\Visual Studio 2012\Projects\Demoz\Demoz\Debug\link.10588.write.1.tlog
C:\Users\Mark\Documents\Visual Studio 2012\Projects\Demoz\Demoz\Debug\link.10668-cvtres.read.1.tlog
C:\Users\Mark\Documents\Visual Studio 2012\Projects\Demoz\Demoz\Debug\link.10668-cvtres.write.1.tlog
C:\Users\Mark\Documents\Visual Studio 2012\Projects\Demoz\Demoz\Debug\link.10668-rc.read.1.tlog
C:\Users\Mark\Documents\Visual Studio 2012\Projects\Demoz\Demoz\Debug\link.10668-rc.write.1.tlog
C:\Users\Mark\Documents\Visual Studio 2012\Projects\Demoz\Demoz\Debug\link.10668.read.1.tlog
C:\Users\Mark\Documents\Visual Studio 2012\Projects\Demoz\Demoz\Debug\link.10668.write.1.tlog
C:\Users\Mark\Documents\Visual Studio 2012\Projects\Demoz\Demoz\Debug\link.10844-cvtres.read.1.tlog
C:\Users\Mark\Documents\Visual Studio 2012\Projects\Demoz\Demoz\Debug\link.10844-cvtres.write.1.tlog
C:\Users\Mark\Documents\Visual Studio 2012\Projects\Demoz\Demoz\Debug\link.10844-rc.read.1.tlog
C:\Users\Mark\Documents\Visual Studio 2012\Projects\Demoz\Demoz\Debug\link.10844-rc.write.1.tlog
C:\Users\Mark\Documents\Visual Studio 2012\Projects\Demoz\Demoz\Debug\link.10844.read.1.tlog
C:\Users\Mark\Documents\Visual Studio 2012\Projects\Demoz\Demoz\Debug\link.10844.write.1.tlog
C:\Users\Mark\Documents\Visual Studio 2012\Projects\Demoz\Demoz\Debug\link.11092-cvtres.read.1.tlog
C:\Users\Mark\Documents\Visual Studio 2012\Projects\Demoz\Demoz\Debug\link.11092-cvtres.write.1.tlog
C:\Users\Mark\Documents\Visual Studio 2012\Projects\Demoz\Demoz\Debug\link.11092-rc.read.1.tlog
C:\Users\Mark\Documents\Visual Studio 2012\Projects\Demoz\Demoz\Debug\link.11092-rc.write.1.tlog
C:\Users\Mark\Documents\Visual Studio 2012\Projects\Demoz\Demoz\Debug\link.11092.read.1.tlog
C:\Users\Mark\Documents\Visual Studio 2012\Projects\Demoz\Demoz\Debug\link.11092.write.1.tlog
C:\Users\Mark\Documents\Visual Studio 2012\Projects\Demoz\Demoz\Debug\link.11124-cvtres.read.1.tlog
C:\Users\Mark\Documents\Visual Studio 2012\Projects\Demoz\Demoz\Debug\link.11124-cvtres.write.1.tlog
C:\Users\Mark\Documents\Visual Studio 2012\Projects\Demoz\Demoz\Debug\link.11124-rc.read.1.tlog
C:\Users\Mark\Documents\Visual Studio 2012\Projects\Demoz\Demoz\Debug\link.11124-rc.write.1.tlog
C:\Users\Mark\Documents\Visual Studio 2012\Projects\Demoz\Demoz\Debug\link.11124.read.1.tlog
C:\Users\Mark\Documents\Visual Studio 2012\Projects\Demoz\Demoz\Debug\link.11124.write.1.tlog
C:\Users\Mark\Documents\Visual Studio 2012\Projects\Demoz\Demoz\Debug\link.11132-cvtres.read.1.tlog
C:\Users\Mark\Documents\Visual Studio 2012\Projects\Demoz\Demoz\Debug\link.11132-cvtres.write.1.tlog
C:\Users\Mark\Documents\Visual Studio 2012\Projects\Demoz\Demoz\Debug\link.11132-rc.read.1.tlog
C:\Users\Mark\Documents\Visual Studio 2012\Projects\Demoz\Demoz\Debug\link.11132-rc.write.1.tlog
C:\Users\Mark\Documents\Visual Studio 2012\Projects\Demoz\Demoz\Debug\link.11132.read.1.tlog
C:\Users\Mark\Documents\Visual Studio 2012\Projects\Demoz\Demoz\Debug\link.11132.write.1.tlog
C:\Users\Mark\Documents\Visual Studio 2012\Projects\Demoz\Demoz\Debug\link.11164-cvtres.read.1.tlog
C:\Users\Mark\Documents\Visual Studio 2012\Projects\Demoz\Demoz\Debug\link.11164-cvtres.write.1.tlog
C:\Users\Mark\Documents\Visual Studio 2012\Projects\Demoz\Demoz\Debug\link.11164-rc.read.1.tlog
C:\Users\Mark\Documents\Visual Studio 2012\Projects\Demoz\Demoz\Debug\link.11164-rc.write.1.tlog
C:\Users\Mark\Documents\Visual Studio 2012\Projects\Demoz\Demoz\Debug\link.11164.read.1.tlog
C:\Users\Mark\Documents\Visual Studio 2012\Projects\Demoz\Demoz\Debug\link.11164.write.1.tlog
C:\Users\Mark\Documents\Visual Studio 2012\Projects\Demoz\Demoz\Debug\link.11248-cvtres.read.1.tlog
C:\Users\Mark\Documents\Visual Studio 2012\Projects\Demoz\Demoz\Debug\link.11248-cvtres.write.1.tlog
C:\Users\Mark\Documents\Visual Studio 2012\Projects\Demoz\Demoz\Debug\link.11248-rc.read.1.tlog
C:\Users\Mark\Documents\Visual Studio 2012\Projects\Demoz\Demoz\Debug\link.11248-rc.write.1.tlog
C:\Users\Mark\Documents\Visual Studio 2012\Projects\Demoz\Demoz\Debug\link.11248.read.1.tlog
C:\Users\Mark\Documents\Visual Studio 2012\Projects\Demoz\Demoz\Debug\link.11248.write.1.tlog
C:\Users\Mark\Documents\Visual Studio 2012\Projects\Demoz\Demoz\Debug\link.11648-cvtres.read.1.tlog
C:\Users\Mark\Documents\Visual Studio 2012\Projects\Demoz\Demoz\Debug\link.11648-cvtres.write.1.tlog
C:\Users\Mark\Documents\Visual Studio 2012\Projects\Demoz\Demoz\Debug\link.11648-rc.read.1.tlog
C:\Users\Mark\Documents\Visual Studio 2012\Projects\Demoz\Demoz\Debug\link.11648-rc.write.1.tlog
C:\Users\Mark\Documents\Visual Studio 2012\Projects\Demoz\Demoz\Debug\link.11648.read.1.tlog
C:\Users\Mark\Documents\Visual Studio 2012\Projects\Demoz\Demoz\Debug\link.11648.write.1.tlog
C:\Users\Mark\Documents\Visual Studio 2012\Projects\Demoz\Demoz\Debug\link.11692-cvtres.read.1.tlog
C:\Users\Mark\Documents\Visual Studio 2012\Projects\Demoz\Demoz\Debug\link.11692-cvtres.write.1.tlog
C:\Users\Mark\Documents\Visual Studio 2012\Projects\Demoz\Demoz\Debug\link.11692-rc.read.1.tlog
C:\Users\Mark\Documents\Visual Studio 2012\Projects\Demoz\Demoz\Debug\link.11692-rc.write.1.tlog
C:\Users\Mark\Documents\Visual Studio 2012\Projects\Demoz\Demoz\Debug\link.11692.read.1.tlog
C:\Users\Mark\Documents\Visual Studio 2012\Projects\Demoz\Demoz\Debug\link.11692.write.1.tlog
C:\Users\Mark\Documents\Visual Studio 2012\Projects\Demoz\Demoz\Debug\link.11732-cvtres.read.1.tlog
C:\Users\Mark\Documents\Visual Studio 2012\Projects\Demoz\Demoz\Debug\link.11732-cvtres.write.1.tlog
C:\Users\Mark\Documents\Visual Studio 2012\Projects\Demoz\Demoz\Debug\link.11732-rc.read.1.tlog
C:\Users\Mark\Documents\Visual Studio 2012\Projects\Demoz\Demoz\Debug\link.11732-rc.write.1.tlog
C:\Users\Mark\Documents\Visual Studio 2012\Projects\Demoz\Demoz\Debug\link.11732.read.1.tlog
C:\Users\Mark\Documents\Visual Studio 2012\Projects\Demoz\Demoz\Debug\link.11732.write.1.tlog
C:\Users\Mark\Documents\Visual Studio 2012\Projects\Demoz\Demoz\Debug\link.11880-cvtres.read.1.tlog
C:\Users\Mark\Documents\Visual Studio 2012\Projects\Demoz\Demoz\Debug\link.11880-cvtres.write.1.tlog
C:\Users\Mark\Documents\Visual Studio 2012\Projects\Demoz\Demoz\Debug\link.11880-rc.read.1.tlog
C:\Users\Mark\Documents\Visual Studio 2012\Projects\Demoz\Demoz\Debug\link.11880-rc.write.1.tlog
C:\Users\Mark\Documents\Visual Studio 2012\Projects\Demoz\Demoz\Debug\link.11880.read.1.tlog
C:\Users\Mark\Documents\Visual Studio 2012\Projects\Demoz\Demoz\Debug\link.11880.write.1.tlog
C:\Users\Mark\Documents\Visual Studio 2012\Projects\Demoz\Demoz\Debug\link.12588-cvtres.read.1.tlog
C:\Users\Mark\Documents\Visual Studio 2012\Projects\Demoz\Demoz\Debug\link.12588-cvtres.write.1.tlog
C:\Users\Mark\Documents\Visual Studio 2012\Projects\Demoz\Demoz\Debug\link.12588-rc.read.1.tlog
C:\Users\Mark\Documents\Visual Studio 2012\Projects\Demoz\Demoz\Debug\link.12588-rc.write.1.tlog
C:\Users\Mark\Documents\Visual Studio 2012\Projects\Demoz\Demoz\Debug\link.12588.read.1.tlog
C:\Users\Mark\Documents\Visual Studio 2012\Projects\Demoz\Demoz\Debug\link.12588.write.1.tlog
C:\Users\Mark\Documents\Visual Studio 2012\Projects\Demoz\Demoz\Debug\link.1312-cvtres.read.1.tlog
C:\Users\Mark\Documents\Visual Studio 2012\Projects\Demoz\Demoz\Debug\link.1312-cvtres.write.1.tlog
C:\Users\Mark\Documents\Visual Studio 2012\Projects\Demoz\Demoz\Debug\link.1312-rc.read.1.tlog
C:\Users\Mark\Documents\Visual Studio 2012\Projects\Demoz\Demoz\Debug\link.1312-rc.write.1.tlog
C:\Users\Mark\Documents\Visual Studio 2012\Projects\Demoz\Demoz\Debug\link.1312.read.1.tlog
C:\Users\Mark\Documents\Visual Studio 2012\Projects\Demoz\Demoz\Debug\link.1312.write.1.tlog
C:\Users\Mark\Documents\Visual Studio 2012\Projects\Demoz\Demoz\Debug\link.13844-cvtres.read.1.tlog
C:\Users\Mark\Documents\Visual Studio 2012\Projects\Demoz\Demoz\Debug\link.13844-cvtres.write.1.tlog
C:\Users\Mark\Documents\Visual Studio 2012\Projects\Demoz\Demoz\Debug\link.13844-rc.read.1.tlog
C:\Users\Mark\Documents\Visual Studio 2012\Projects\Demoz\Demoz\Debug\link.13844-rc.write.1.tlog
C:\Users\Mark\Documents\Visual Studio 2012\Projects\Demoz\Demoz\Debug\link.13844.read.1.tlog
C:\Users\Mark\Documents\Visual Studio 2012\Projects\Demoz\Demoz\Debug\link.13844.write.1.tlog
C:\Users\Mark\Documents\Visual Studio 2012\Projects\Demoz\Demoz\Debug\link.13880-cvtres.read.1.tlog
C:\Users\Mark\Documents\Visual Studio 2012\Projects\Demoz\Demoz\Debug\link.13880-cvtres.write.1.tlog
C:\Users\Mark\Documents\Visual Studio 2012\Projects\Demoz\Demoz\Debug\link.13880-rc.read.1.tlog
C:\Users\Mark\Documents\Visual Studio 2012\Projects\Demoz\Demoz\Debug\link.13880-rc.write.1.tlog
C:\Users\Mark\Documents\Visual Studio 2012\Projects\Demoz\Demoz\Debug\link.13880.read.1.tlog
C:\Users\Mark\Documents\Visual Studio 2012\Projects\Demoz\Demoz\Debug\link.13880.write.1.tlog
C:\Users\Mark\Documents\Visual Studio 2012\Projects\Demoz\Demoz\Debug\link.13924-cvtres.read.1.tlog
C:\Users\Mark\Documents\Visual Studio 2012\Projects\Demoz\Demoz\Debug\link.13924-cvtres.write.1.tlog
C:\Users\Mark\Documents\Visual Studio 2012\Projects\Demoz\Demoz\Debug\link.13924-rc.read.1.tlog
C:\Users\Mark\Documents\Visual Studio 2012\Projects\Demoz\Demoz\Debug\link.13924-rc.write.1.tlog
C:\Users\Mark\Documents\Visual Studio 2012\Projects\Demoz\Demoz\Debug\link.13924.read.1.tlog
C:\Users\Mark\Documents\Visual Studio 2012\Projects\Demoz\Demoz\Debug\link.13924.write.1.tlog
C:\Users\Mark\Documents\Visual Studio 2012\Projects\Demoz\Demoz\Debug\link.13944-cvtres.read.1.tlog
C:\Users\Mark\Documents\Visual Studio 2012\Projects\Demoz\Demoz\Debug\link.13944-cvtres.write.1.tlog
C:\Users\Mark\Documents\Visual Studio 2012\Projects\Demoz\Demoz\Debug\link.13944-rc.read.1.tlog
C:\Users\Mark\Documents\Visual Studio 2012\Projects\Demoz\Demoz\Debug\link.13944-rc.write.1.tlog
C:\Users\Mark\Documents\Visual Studio 2012\Projects\Demoz\Demoz\Debug\link.13944.read.1.tlog
C:\Users\Mark\Documents\Visual Studio 2012\Projects\Demoz\Demoz\Debug\link.13944.write.1.tlog
C:\Users\Mark\Documents\Visual Studio 2012\Projects\Demoz\Demoz\Debug\link.13992-cvtres.read.1.tlog
C:\Users\Mark\Documents\Visual Studio 2012\Projects\Demoz\Demoz\Debug\link.13992-cvtres.write.1.tlog
C:\Users\Mark\Documents\Visual Studio 2012\Projects\Demoz\Demoz\Debug\link.13992-rc.read.1.tlog
C:\Users\Mark\Documents\Visual Studio 2012\Projects\Demoz\Demoz\Debug\link.13992-rc.write.1.tlog
C:\Users\Mark\Documents\Visual Studio 2012\Projects\Demoz\Demoz\Debug\link.13992.read.1.tlog
C:\Users\Mark\Documents\Visual Studio 2012\Projects\Demoz\Demoz\Debug\link.13992.write.1.tlog
C:\Users\Mark\Documents\Visual Studio 2012\Projects\Demoz\Demoz\Debug\link.1472-cvtres.read.1.tlog
C:\Users\Mark\Documents\Visual Studio 2012\Projects\Demoz\Demoz\Debug\link.1472-cvtres.write.1.tlog
C:\Users\Mark\Documents\Visual Studio 2012\Projects\Demoz\Demoz\Debug\link.1472-rc.read.1.tlog
C:\Users\Mark\Documents\Visual Studio 2012\Projects\Demoz\Demoz\Debug\link.1472-rc.write.1.tlog
C:\Users\Mark\Documents\Visual Studio 2012\Projects\Demoz\Demoz\Debug\link.1472.read.1.tlog
C:\Users\Mark\Documents\Visual Studio 2012\Projects\Demoz\Demoz\Debug\link.1472.write.1.tlog
C:\Users\Mark\Documents\Visual Studio 2012\Projects\Demoz\Demoz\Debug\link.2024-cvtres.read.1.tlog
C:\Users\Mark\Documents\Visual Studio 2012\Projects\Demoz\Demoz\Debug\link.2024-cvtres.write.1.tlog
C:\Users\Mark\Documents\Visual Studio 2012\Projects\Demoz\Demoz\Debug\link.2024-rc.read.1.tlog
C:\Users\Mark\Documents\Visual Studio 2012\Projects\Demoz\Demoz\Debug\link.2024-rc.write.1.tlog
C:\Users\Mark\Documents\Visual Studio 2012\Projects\Demoz\Demoz\Debug\link.2024.read.1.tlog
C:\Users\Mark\Documents\Visual Studio 2012\Projects\Demoz\Demoz\Debug\link.2024.write.1.tlog
C:\Users\Mark\Documents\Visual Studio 2012\Projects\Demoz\Demoz\Debug\link.2072-cvtres.read.1.tlog
C:\Users\Mark\Documents\Visual Studio 2012\Projects\Demoz\Demoz\Debug\link.2072-cvtres.write.1.tlog
C:\Users\Mark\Documents\Visual Studio 2012\Projects\Demoz\Demoz\Debug\link.2072-rc.read.1.tlog
C:\Users\Mark\Documents\Visual Studio 2012\Projects\Demoz\Demoz\Debug\link.2072-rc.write.1.tlog
C:\Users\Mark\Documents\Visual Studio 2012\Projects\Demoz\Demoz\Debug\link.2072.read.1.tlog
C:\Users\Mark\Documents\Visual Studio 2012\Projects\Demoz\Demoz\Debug\link.2072.write.1.tlog
C:\Users\Mark\Documents\Visual Studio 2012\Projects\Demoz\Demoz\Debug\link.2348-cvtres.read.1.tlog
C:\Users\Mark\Documents\Visual Studio 2012\Projects\Demoz\Demoz\Debug\link.2348-cvtres.write.1.tlog
C:\Users\Mark\Documents\Visual Studio 2012\Projects\Demoz\Demoz\Debug\link.2348-rc.read.1.tlog
C:\Users\Mark\Documents\Visual Studio 2012\Projects\Demoz\Demoz\Debug\link.2348-rc.write.1.tlog
C:\Users\Mark\Documents\Visual Studio 2012\Projects\Demoz\Demoz\Debug\link.2348.read.1.tlog
C:\Users\Mark\Documents\Visual Studio 2012\Projects\Demoz\Demoz\Debug\link.2348.write.1.tlog
C:\Users\Mark\Documents\Visual Studio 2012\Projects\Demoz\Demoz\Debug\link.2984-cvtres.read.1.tlog
C:\Users\Mark\Documents\Visual Studio 2012\Projects\Demoz\Demoz\Debug\link.2984-cvtres.write.1.tlog
C:\Users\Mark\Documents\Visual Studio 2012\Projects\Demoz\Demoz\Debug\link.2984-rc.read.1.tlog
C:\Users\Mark\Documents\Visual Studio 2012\Projects\Demoz\Demoz\Debug\link.2984-rc.write.1.tlog
C:\Users\Mark\Documents\Visual Studio 2012\Projects\Demoz\Demoz\Debug\link.2984.read.1.tlog
C:\Users\Mark\Documents\Visual Studio 2012\Projects\Demoz\Demoz\Debug\link.2984.write.1.tlog
C:\Users\Mark\Documents\Visual Studio 2012\Projects\Demoz\Demoz\Debug\link.3604-cvtres.read.1.tlog
C:\Users\Mark\Documents\Visual Studio 2012\Projects\Demoz\Demoz\Debug\link.3604-cvtres.write.1.tlog
C:\Users\Mark\Documents\Visual Studio 2012\Projects\Demoz\Demoz\Debug\link.3604-rc.read.1.tlog
C:\Users\Mark\Documents\Visual Studio 2012\Projects\Demoz\Demoz\Debug\link.3604-rc.write.1.tlog
C:\Users\Mark\Documents\Visual Studio 2012\Projects\Demoz\Demoz\Debug\link.3604.read.1.tlog
C:\Users\Mark\Documents\Visual Studio 2012\Projects\Demoz\Demoz\Debug\link.3604.write.1.tlog
C:\Users\Mark\Documents\Visual Studio 2012\Projects\Demoz\Demoz\Debug\link.3696-cvtres.read.1.tlog
C:\Users\Mark\Documents\Visual Studio 2012\Projects\Demoz\Demoz\Debug\link.3696-cvtres.write.1.tlog
C:\Users\Mark\Documents\Visual Studio 2012\Projects\Demoz\Demoz\Debug\link.3696-rc.read.1.tlog
C:\Users\Mark\Documents\Visual Studio 2012\Projects\Demoz\Demoz\Debug\link.3696-rc.write.1.tlog
C:\Users\Mark\Documents\Visual Studio 2012\Projects\Demoz\Demoz\Debug\link.3696.read.1.tlog
C:\Users\Mark\Documents\Visual Studio 2012\Projects\Demoz\Demoz\Debug\link.3696.write.1.tlog
C:\Users\Mark\Documents\Visual Studio 2012\Projects\Demoz\Demoz\Debug\link.3916-cvtres.read.1.tlog
C:\Users\Mark\Documents\Visual Studio 2012\Projects\Demoz\Demoz\Debug\link.3916-cvtres.write.1.tlog
C:\Users\Mark\Documents\Visual Studio 2012\Projects\Demoz\Demoz\Debug\link.3916-rc.read.1.tlog
C:\Users\Mark\Documents\Visual Studio 2012\Projects\Demoz\Demoz\Debug\link.3916-rc.write.1.tlog
C:\Users\Mark\Documents\Visual Studio 2012\Projects\Demoz\Demoz\Debug\link.3916.read.1.tlog
C:\Users\Mark\Documents\Visual Studio 2012\Projects\Demoz\Demoz\Debug\link.3916.write.1.tlog
C:\Users\Mark\Documents\Visual Studio 2012\Projects\Demoz\Demoz\Debug\link.4088-cvtres.read.1.tlog
C:\Users\Mark\Documents\Visual Studio 2012\Projects\Demoz\Demoz\Debug\link.4088-cvtres.write.1.tlog
C:\Users\Mark\Documents\Visual Studio 2012\Projects\Demoz\Demoz\Debug\link.4088-rc.read.1.tlog
C:\Users\Mark\Documents\Visual Studio 2012\Projects\Demoz\Demoz\Debug\link.4088-rc.write.1.tlog
C:\Users\Mark\Documents\Visual Studio 2012\Projects\Demoz\Demoz\Debug\link.4088.read.1.tlog
C:\Users\Mark\Documents\Visual Studio 2012\Projects\Demoz\Demoz\Debug\link.4088.write.1.tlog
C:\Users\Mark\Documents\Visual Studio 2012\Projects\Demoz\Demoz\Debug\link.4420-cvtres.read.1.tlog
C:\Users\Mark\Documents\Visual Studio 2012\Projects\Demoz\Demoz\Debug\link.4420-cvtres.write.1.tlog
C:\Users\Mark\Documents\Visual Studio 2012\Projects\Demoz\Demoz\Debug\link.4420-rc.read.1.tlog
C:\Users\Mark\Documents\Visual Studio 2012\Projects\Demoz\Demoz\Debug\link.4420-rc.write.1.tlog
C:\Users\Mark\Documents\Visual Studio 2012\Projects\Demoz\Demoz\Debug\link.4420.read.1.tlog
C:\Users\Mark\Documents\Visual Studio 2012\Projects\Demoz\Demoz\Debug\link.4420.write.1.tlog
C:\Users\Mark\Documents\Visual Studio 2012\Projects\Demoz\Demoz\Debug\link.4476-cvtres.read.1.tlog
C:\Users\Mark\Documents\Visual Studio 2012\Projects\Demoz\Demoz\Debug\link.4476-cvtres.write.1.tlog
C:\Users\Mark\Documents\Visual Studio 2012\Projects\Demoz\Demoz\Debug\link.4476-rc.read.1.tlog
C:\Users\Mark\Documents\Visual Studio 2012\Projects\Demoz\Demoz\Debug\link.4476-rc.write.1.tlog
C:\Users\Mark\Documents\Visual Studio 2012\Projects\Demoz\Demoz\Debug\link.4476.read.1.tlog
C:\Users\Mark\Documents\Visual Studio 2012\Projects\Demoz\Demoz\Debug\link.4476.write.1.tlog
C:\Users\Mark\Documents\Visual Studio 2012\Projects\Demoz\Demoz\Debug\link.4696-cvtres.read.1.tlog
C:\Users\Mark\Documents\Visual Studio 2012\Projects\Demoz\Demoz\Debug\link.4696-cvtres.write.1.tlog
C:\Users\Mark\Documents\Visual Studio 2012\Projects\Demoz\Demoz\Debug\link.4696-rc.read.1.tlog
C:\Users\Mark\Documents\Visual Studio 2012\Projects\Demoz\Demoz\Debug\link.4696-rc.write.1.tlog
C:\Users\Mark\Documents\Visual Studio 2012\Projects\Demoz\Demoz\Debug\link.4696.read.1.tlog
C:\Users\Mark\Documents\Visual Studio 2012\Projects\Demoz\Demoz\Debug\link.4696.write.1.tlog
C:\Users\Mark\Documents\Visual Studio 2012\Projects\Demoz\Demoz\Debug\link.4852-cvtres.read.1.tlog
C:\Users\Mark\Documents\Visual Studio 2012\Projects\Demoz\Demoz\Debug\link.4852-cvtres.write.1.tlog
C:\Users\Mark\Documents\Visual Studio 2012\Projects\Demoz\Demoz\Debug\link.4852-rc.read.1.tlog
C:\Users\Mark\Documents\Visual Studio 2012\Projects\Demoz\Demoz\Debug\link.4852-rc.write.1.tlog
C:\Users\Mark\Documents\Visual Studio 2012\Projects\Demoz\Demoz\Debug\link.4852.read.1.tlog
C:\Users\Mark\Documents\Visual Studio 2012\Projects\Demoz\Demoz\Debug\link.4852.write.1.tlog
C:\Users\Mark\Documents\Visual Studio 2012\Projects\Demoz\Demoz\Debug\link.5140-cvtres.read.1.tlog
C:\Users\Mark\Documents\Visual Studio 2012\Projects\Demoz\Demoz\Debug\link.5140-cvtres.write.1.tlog
C:\Users\Mark\Documents\Visual Studio 2012\Projects\Demoz\Demoz\Debug\link.5140-rc.read.1.tlog
C:\Users\Mark\Documents\Visual Studio 2012\Projects\Demoz\Demoz\Debug\link.5140-rc.write.1.tlog
C:\Users\Mark\Documents\Visual Studio 2012\Projects\Demoz\Demoz\Debug\link.5140.read.1.tlog
C:\Users\Mark\Documents\Visual Studio 2012\Projects\Demoz\Demoz\Debug\link.5140.write.1.tlog
C:\Users\Mark\Documents\Visual Studio 2012\Projects\Demoz\Demoz\Debug\link.5200-cvtres.read.1.tlog
C:\Users\Mark\Documents\Visual Studio 2012\Projects\Demoz\Demoz\Debug\link.5200-cvtres.write.1.tlog
C:\Users\Mark\Documents\Visual Studio 2012\Projects\Demoz\Demoz\Debug\link.5200-rc.read.1.tlog
C:\Users\Mark\Documents\Visual Studio 2012\Projects\Demoz\Demoz\Debug\link.5200-rc.write.1.tlog
C:\Users\Mark\Documents\Visual Studio 2012\Projects\Demoz\Demoz\Debug\link.5200.read.1.tlog
C:\Users\Mark\Documents\Visual Studio 2012\Projects\Demoz\Demoz\Debug\link.5200.write.1.tlog
C:\Users\Mark\Documents\Visual Studio 2012\Projects\Demoz\Demoz\Debug\link.5260-cvtres.read.1.tlog
C:\Users\Mark\Documents\Visual Studio 2012\Projects\Demoz\Demoz\Debug\link.5260-cvtres.write.1.tlog
C:\Users\Mark\Documents\Visual Studio 2012\Projects\Demoz\Demoz\Debug\link.5260-rc.read.1.tlog
C:\Users\Mark\Documents\Visual Studio 2012\Projects\Demoz\Demoz\Debug\link.5260-rc.write.1.tlog
C:\Users\Mark\Documents\Visual Studio 2012\Projects\Demoz\Demoz\Debug\link.5260.read.1.tlog
C:\Users\Mark\Documents\Visual Studio 2012\Projects\Demoz\Demoz\Debug\link.5260.write.1.tlog
C:\Users\Mark\Documents\Visual Studio 2012\Projects\Demoz\Demoz\Debug\link.5444-cvtres.read.1.tlog
C:\Users\Mark\Documents\Visual Studio 2012\Projects\Demoz\Demoz\Debug\link.5444-cvtres.write.1.tlog
C:\Users\Mark\Documents\Visual Studio 2012\Projects\Demoz\Demoz\Debug\link.5444-rc.read.1.tlog
C:\Users\Mark\Documents\Visual Studio 2012\Projects\Demoz\Demoz\Debug\link.5444-rc.write.1.tlog
C:\Users\Mark\Documents\Visual Studio 2012\Projects\Demoz\Demoz\Debug\link.5444.read.1.tlog
C:\Users\Mark\Documents\Visual Studio 2012\Projects\Demoz\Demoz\Debug\link.5444.write.1.tlog
C:\Users\Mark\Documents\Visual Studio 2012\Projects\Demoz\Demoz\Debug\link.556-cvtres.read.1.tlog
C:\Users\Mark\Documents\Visual Studio 2012\Projects\Demoz\Demoz\Debug\link.556-cvtres.write.1.tlog
C:\Users\Mark\Documents\Visual Studio 2012\Projects\Demoz\Demoz\Debug\link.556-rc.read.1.tlog
C:\Users\Mark\Documents\Visual Studio 2012\Projects\Demoz\Demoz\Debug\link.556-rc.write.1.tlog
C:\Users\Mark\Documents\Visual Studio 2012\Projects\Demoz\Demoz\Debug\link.556.read.1.tlog
C:\Users\Mark\Documents\Visual Studio 2012\Projects\Demoz\Demoz\Debug\link.556.write.1.tlog
C:\Users\Mark\Documents\Visual Studio 2012\Projects\Demoz\Demoz\Debug\link.5564-cvtres.read.1.tlog
C:\Users\Mark\Documents\Visual Studio 2012\Projects\Demoz\Demoz\Debug\link.5564-cvtres.write.1.tlog
C:\Users\Mark\Documents\Visual Studio 2012\Projects\Demoz\Demoz\Debug\link.5564-rc.read.1.tlog
C:\Users\Mark\Documents\Visual Studio 2012\Projects\Demoz\Demoz\Debug\link.5564-rc.write.1.tlog
C:\Users\Mark\Documents\Visual Studio 2012\Projects\Demoz\Demoz\Debug\link.5564.read.1.tlog
C:\Users\Mark\Documents\Visual Studio 2012\Projects\Demoz\Demoz\Debug\link.5564.write.1.tlog
C:\Users\Mark\Documents\Visual Studio 2012\Projects\Demoz\Demoz\Debug\link.5584-cvtres.read.1.tlog
C:\Users\Mark\Documents\Visual Studio 2012\Projects\Demoz\Demoz\Debug\link.5584-cvtres.write.1.tlog
C:\Users\Mark\Documents\Visual Studio 2012\Projects\Demoz\Demoz\Debug\link.5584-rc.read.1.tlog
C:\Users\Mark\Documents\Visual Studio 2012\Projects\Demoz\Demoz\Debug\link.5584-rc.write.1.tlog
C:\Users\Mark\Documents\Visual Studio 2012\Projects\Demoz\Demoz\Debug\link.5584.read.1.tlog
C:\Users\Mark\Documents\Visual Studio 2012\Projects\Demoz\Demoz\Debug\link.5584.write.1.tlog
C:\Users\Mark\Documents\Visual Studio 2012\Projects\Demoz\Demoz\Debug\link.5608-cvtres.read.1.tlog
C:\Users\Mark\Documents\Visual Studio 2012\Projects\Demoz\Demoz\Debug\link.5608-cvtres.write.1.tlog
C:\Users\Mark\Documents\Visual Studio 2012\Projects\Demoz\Demoz\Debug\link.5608-rc.read.1.tlog
C:\Users\Mark\Documents\Visual Studio 2012\Projects\Demoz\Demoz\Debug\link.5608-rc.write.1.tlog
C:\Users\Mark\Documents\Visual Studio 2012\Projects\Demoz\Demoz\Debug\link.5608.read.1.tlog
C:\Users\Mark\Documents\Visual Studio 2012\Projects\Demoz\Demoz\Debug\link.5608.write.1.tlog
C:\Users\Mark\Documents\Visual Studio 2012\Projects\Demoz\Demoz\Debug\link.5832-cvtres.read.1.tlog
C:\Users\Mark\Documents\Visual Studio 2012\Projects\Demoz\Demoz\Debug\link.5832-cvtres.write.1.tlog
C:\Users\Mark\Documents\Visual Studio 2012\Projects\Demoz\Demoz\Debug\link.5832-rc.read.1.tlog
C:\Users\Mark\Documents\Visual Studio 2012\Projects\Demoz\Demoz\Debug\link.5832-rc.write.1.tlog
C:\Users\Mark\Documents\Visual Studio 2012\Projects\Demoz\Demoz\Debug\link.5832.read.1.tlog
C:\Users\Mark\Documents\Visual Studio 2012\Projects\Demoz\Demoz\Debug\link.5832.write.1.tlog
C:\Users\Mark\Documents\Visual Studio 2012\Projects\Demoz\Demoz\Debug\link.5972-cvtres.read.1.tlog
C:\Users\Mark\Documents\Visual Studio 2012\Projects\Demoz\Demoz\Debug\link.5972-cvtres.write.1.tlog
C:\Users\Mark\Documents\Visual Studio 2012\Projects\Demoz\Demoz\Debug\link.5972-rc.read.1.tlog
C:\Users\Mark\Documents\Visual Studio 2012\Projects\Demoz\Demoz\Debug\link.5972-rc.write.1.tlog
C:\Users\Mark\Documents\Visual Studio 2012\Projects\Demoz\Demoz\Debug\link.5972.read.1.tlog
C:\Users\Mark\Documents\Visual Studio 2012\Projects\Demoz\Demoz\Debug\link.5972.write.1.tlog
C:\Users\Mark\Documents\Visual Studio 2012\Projects\Demoz\Demoz\Debug\link.6196-cvtres.read.1.tlog
C:\Users\Mark\Documents\Visual Studio 2012\Projects\Demoz\Demoz\Debug\link.6196-cvtres.write.1.tlog
C:\Users\Mark\Documents\Visual Studio 2012\Projects\Demoz\Demoz\Debug\link.6196-rc.read.1.tlog
C:\Users\Mark\Documents\Visual Studio 2012\Projects\Demoz\Demoz\Debug\link.6196-rc.write.1.tlog
C:\Users\Mark\Documents\Visual Studio 2012\Projects\Demoz\Demoz\Debug\link.6196.read.1.tlog
C:\Users\Mark\Documents\Visual Studio 2012\Projects\Demoz\Demoz\Debug\link.6196.write.1.tlog
C:\Users\Mark\Documents\Visual Studio 2012\Projects\Demoz\Demoz\Debug\link.6240-cvtres.read.1.tlog
C:\Users\Mark\Documents\Visual Studio 2012\Projects\Demoz\Demoz\Debug\link.6240-cvtres.write.1.tlog
C:\Users\Mark\Documents\Visual Studio 2012\Projects\Demoz\Demoz\Debug\link.6240-rc.read.1.tlog
C:\Users\Mark\Documents\Visual Studio 2012\Projects\Demoz\Demoz\Debug\link.6240-rc.write.1.tlog
C:\Users\Mark\Documents\Visual Studio 2012\Projects\Demoz\Demoz\Debug\link.6240.read.1.tlog
C:\Users\Mark\Documents\Visual Studio 2012\Projects\Demoz\Demoz\Debug\link.6240.write.1.tlog
C:\Users\Mark\Documents\Visual Studio 2012\Projects\Demoz\Demoz\Debug\link.6524-cvtres.read.1.tlog
C:\Users\Mark\Documents\Visual Studio 2012\Projects\Demoz\Demoz\Debug\link.6524-cvtres.write.1.tlog
C:\Users\Mark\Documents\Visual Studio 2012\Projects\Demoz\Demoz\Debug\link.6524-rc.read.1.tlog
C:\Users\Mark\Documents\Visual Studio 2012\Projects\Demoz\Demoz\Debug\link.6524-rc.write.1.tlog
C:\Users\Mark\Documents\Visual Studio 2012\Projects\Demoz\Demoz\Debug\link.6524.read.1.tlog
C:\Users\Mark\Documents\Visual Studio 2012\Projects\Demoz\Demoz\Debug\link.6524.write.1.tlog
C:\Users\Mark\Documents\Visual Studio 2012\Projects\Demoz\Demoz\Debug\link.6596-cvtres.read.1.tlog
C:\Users\Mark\Documents\Visual Studio 2012\Projects\Demoz\Demoz\Debug\link.6596-cvtres.write.1.tlog
C:\Users\Mark\Documents\Visual Studio 2012\Projects\Demoz\Demoz\Debug\link.6596-rc.read.1.tlog
C:\Users\Mark\Documents\Visual Studio 2012\Projects\Demoz\Demoz\Debug\link.6596-rc.write.1.tlog
C:\Users\Mark\Documents\Visual Studio 2012\Projects\Demoz\Demoz\Debug\link.6596.read.1.tlog
C:\Users\Mark\Documents\Visual Studio 2012\Projects\Demoz\Demoz\Debug\link.6596.write.1.tlog
C:\Users\Mark\Documents\Visual Studio 2012\Projects\Demoz\Demoz\Debug\link.6624-cvtres.read.1.tlog
C:\Users\Mark\Documents\Visual Studio 2012\Projects\Demoz\Demoz\Debug\link.6624-cvtres.write.1.tlog
C:\Users\Mark\Documents\Visual Studio 2012\Projects\Demoz\Demoz\Debug\link.6624-rc.read.1.tlog
C:\Users\Mark\Documents\Visual Studio 2012\Projects\Demoz\Demoz\Debug\link.6624-rc.write.1.tlog
C:\Users\Mark\Documents\Visual Studio 2012\Projects\Demoz\Demoz\Debug\link.6624.read.1.tlog
C:\Users\Mark\Documents\Visual Studio 2012\Projects\Demoz\Demoz\Debug\link.6624.write.1.tlog
C:\Users\Mark\Documents\Visual Studio 2012\Projects\Demoz\Demoz\Debug\link.7072-cvtres.read.1.tlog
C:\Users\Mark\Documents\Visual Studio 2012\Projects\Demoz\Demoz\Debug\link.7072-cvtres.write.1.tlog
C:\Users\Mark\Documents\Visual Studio 2012\Projects\Demoz\Demoz\Debug\link.7072-rc.read.1.tlog
C:\Users\Mark\Documents\Visual Studio 2012\Projects\Demoz\Demoz\Debug\link.7072-rc.write.1.tlog
C:\Users\Mark\Documents\Visual Studio 2012\Projects\Demoz\Demoz\Debug\link.7072.read.1.tlog
C:\Users\Mark\Documents\Visual Studio 2012\Projects\Demoz\Demoz\Debug\link.7072.write.1.tlog
C:\Users\Mark\Documents\Visual Studio 2012\Projects\Demoz\Demoz\Debug\link.7192-cvtres.read.1.tlog
C:\Users\Mark\Documents\Visual Studio 2012\Projects\Demoz\Demoz\Debug\link.7192-cvtres.write.1.tlog
C:\Users\Mark\Documents\Visual Studio 2012\Projects\Demoz\Demoz\Debug\link.7192-rc.read.1.tlog
C:\Users\Mark\Documents\Visual Studio 2012\Projects\Demoz\Demoz\Debug\link.7192-rc.write.1.tlog
C:\Users\Mark\Documents\Visual Studio 2012\Projects\Demoz\Demoz\Debug\link.7192.read.1.tlog
C:\Users\Mark\Documents\Visual Studio 2012\Projects\Demoz\Demoz\Debug\link.7192.write.1.tlog
C:\Users\Mark\Documents\Visual Studio 2012\Projects\Demoz\Demoz\Debug\link.7660-cvtres.read.1.tlog
C:\Users\Mark\Documents\Visual Studio 2012\Projects\Demoz\Demoz\Debug\link.7660-cvtres.write.1.tlog
C:\Users\Mark\Documents\Visual Studio 2012\Projects\Demoz\Demoz\Debug\link.7660-rc.read.1.tlog
C:\Users\Mark\Documents\Visual Studio 2012\Projects\Demoz\Demoz\Debug\link.7660-rc.write.1.tlog
C:\Users\Mark\Documents\Visual Studio 2012\Projects\Demoz\Demoz\Debug\link.7660.read.1.tlog
C:\Users\Mark\Documents\Visual Studio 2012\Projects\Demoz\Demoz\Debug\link.7660.write.1.tlog
C:\Users\Mark\Documents\Visual Studio 2012\Projects\Demoz\Demoz\Debug\link.7680-cvtres.read.1.tlog
C:\Users\Mark\Documents\Visual Studio 2012\Projects\Demoz\Demoz\Debug\link.7680-cvtres.write.1.tlog
C:\Users\Mark\Documents\Visual Studio 2012\Projects\Demoz\Demoz\Debug\link.7680-rc.read.1.tlog
C:\Users\Mark\Documents\Visual Studio 2012\Projects\Demoz\Demoz\Debug\link.7680-rc.write.1.tlog
C:\Users\Mark\Documents\Visual Studio 2012\Projects\Demoz\Demoz\Debug\link.7680.read.1.tlog
C:\Users\Mark\Documents\Visual Studio 2012\Projects\Demoz\Demoz\Debug\link.7680.write.1.tlog
C:\Users\Mark\Documents\Visual Studio 2012\Projects\Demoz\Demoz\Debug\link.7684-cvtres.read.1.tlog
C:\Users\Mark\Documents\Visual Studio 2012\Projects\Demoz\Demoz\Debug\link.7684-cvtres.write.1.tlog
C:\Users\Mark\Documents\Visual Studio 2012\Projects\Demoz\Demoz\Debug\link.7684-rc.read.1.tlog
C:\Users\Mark\Documents\Visual Studio 2012\Projects\Demoz\Demoz\Debug\link.7684-rc.write.1.tlog
C:\Users\Mark\Documents\Visual Studio 2012\Projects\Demoz\Demoz\Debug\link.7684.read.1.tlog
C:\Users\Mark\Documents\Visual Studio 2012\Projects\Demoz\Demoz\Debug\link.7684.write.1.tlog
C:\Users\Mark\Documents\Visual Studio 2012\Projects\Demoz\Demoz\Debug\link.7836-cvtres.read.1.tlog
C:\Users\Mark\Documents\Visual Studio 2012\Projects\Demoz\Demoz\Debug\link.7836-cvtres.write.1.tlog
C:\Users\Mark\Documents\Visual Studio 2012\Projects\Demoz\Demoz\Debug\link.7836-rc.read.1.tlog
C:\Users\Mark\Documents\Visual Studio 2012\Projects\Demoz\Demoz\Debug\link.7836-rc.write.1.tlog
C:\Users\Mark\Documents\Visual Studio 2012\Projects\Demoz\Demoz\Debug\link.7836.read.1.tlog
C:\Users\Mark\Documents\Visual Studio 2012\Projects\Demoz\Demoz\Debug\link.7836.write.1.tlog
C:\Users\Mark\Documents\Visual Studio 2012\Projects\Demoz\Demoz\Debug\link.7876-cvtres.read.1.tlog
C:\Users\Mark\Documents\Visual Studio 2012\Projects\Demoz\Demoz\Debug\link.7876-cvtres.write.1.tlog
C:\Users\Mark\Documents\Visual Studio 2012\Projects\Demoz\Demoz\Debug\link.7876-rc.read.1.tlog
C:\Users\Mark\Documents\Visual Studio 2012\Projects\Demoz\Demoz\Debug\link.7876-rc.write.1.tlog
C:\Users\Mark\Documents\Visual Studio 2012\Projects\Demoz\Demoz\Debug\link.7876.read.1.tlog
C:\Users\Mark\Documents\Visual Studio 2012\Projects\Demoz\Demoz\Debug\link.7876.write.1.tlog
C:\Users\Mark\Documents\Visual Studio 2012\Projects\Demoz\Demoz\Debug\link.8172-cvtres.read.1.tlog
C:\Users\Mark\Documents\Visual Studio 2012\Projects\Demoz\Demoz\Debug\link.8172-cvtres.write.1.tlog
C:\Users\Mark\Documents\Visual Studio 2012\Projects\Demoz\Demoz\Debug\link.8172-rc.read.1.tlog
C:\Users\Mark\Documents\Visual Studio 2012\Projects\Demoz\Demoz\Debug\link.8172-rc.write.1.tlog
C:\Users\Mark\Documents\Visual Studio 2012\Projects\Demoz\Demoz\Debug\link.8172.read.1.tlog
C:\Users\Mark\Documents\Visual Studio 2012\Projects\Demoz\Demoz\Debug\link.8172.write.1.tlog
C:\Users\Mark\Documents\Visual Studio 2012\Projects\Demoz\Demoz\Debug\link.8500-cvtres.read.1.tlog
C:\Users\Mark\Documents\Visual Studio 2012\Projects\Demoz\Demoz\Debug\link.8500-cvtres.write.1.tlog
C:\Users\Mark\Documents\Visual Studio 2012\Projects\Demoz\Demoz\Debug\link.8500-rc.read.1.tlog
C:\Users\Mark\Documents\Visual Studio 2012\Projects\Demoz\Demoz\Debug\link.8500-rc.write.1.tlog
C:\Users\Mark\Documents\Visual Studio 2012\Projects\Demoz\Demoz\Debug\link.8500.read.1.tlog
C:\Users\Mark\Documents\Visual Studio 2012\Projects\Demoz\Demoz\Debug\link.8500.write.1.tlog
C:\Users\Mark\Documents\Visual Studio 2012\Projects\Demoz\Demoz\Debug\link.8512-cvtres.read.1.tlog
C:\Users\Mark\Documents\Visual Studio 2012\Projects\Demoz\Demoz\Debug\link.8512-cvtres.write.1.tlog
C:\Users\Mark\Documents\Visual Studio 2012\Projects\Demoz\Demoz\Debug\link.8512-rc.read.1.tlog
C:\Users\Mark\Documents\Visual Studio 2012\Projects\Demoz\Demoz\Debug\link.8512-rc.write.1.tlog
C:\Users\Mark\Documents\Visual Studio 2012\Projects\Demoz\Demoz\Debug\link.8512.read.1.tlog
C:\Users\Mark\Documents\Visual Studio 2012\Projects\Demoz\Demoz\Debug\link.8512.write.1.tlog
C:\Users\Mark\Documents\Visual Studio 2012\Projects\Demoz\Demoz\Debug\link.8696-cvtres.read.1.tlog
C:\Users\Mark\Documents\Visual Studio 2012\Projects\Demoz\Demoz\Debug\link.8696-cvtres.write.1.tlog
C:\Users\Mark\Documents\Visual Studio 2012\Projects\Demoz\Demoz\Debug\link.8696-rc.read.1.tlog
C:\Users\Mark\Documents\Visual Studio 2012\Projects\Demoz\Demoz\Debug\link.8696-rc.write.1.tlog
C:\Users\Mark\Documents\Visual Studio 2012\Projects\Demoz\Demoz\Debug\link.8696.read.1.tlog
C:\Users\Mark\Documents\Visual Studio 2012\Projects\Demoz\Demoz\Debug\link.8696.write.1.tlog
C:\Users\Mark\Documents\Visual Studio 2012\Projects\Demoz\Demoz\Debug\link.8832-cvtres.read.1.tlog
C:\Users\Mark\Documents\Visual Studio 2012\Projects\Demoz\Demoz\Debug\link.8832-cvtres.write.1.tlog
C:\Users\Mark\Documents\Visual Studio 2012\Projects\Demoz\Demoz\Debug\link.8832-rc.read.1.tlog
C:\Users\Mark\Documents\Visual Studio 2012\Projects\Demoz\Demoz\Debug\link.8832-rc.write.1.tlog
C:\Users\Mark\Documents\Visual Studio 2012\Projects\Demoz\Demoz\Debug\link.8832.read.1.tlog
C:\Users\Mark\Documents\Visual Studio 2012\Projects\Demoz\Demoz\Debug\link.8832.write.1.tlog
C:\Users\Mark\Documents\Visual Studio 2012\Projects\Demoz\Demoz\Debug\link.8868-cvtres.read.1.tlog
C:\Users\Mark\Documents\Visual Studio 2012\Projects\Demoz\Demoz\Debug\link.8868-cvtres.write.1.tlog
C:\Users\Mark\Documents\Visual Studio 2012\Projects\Demoz\Demoz\Debug\link.8868-rc.read.1.tlog
C:\Users\Mark\Documents\Visual Studio 2012\Projects\Demoz\Demoz\Debug\link.8868-rc.write.1.tlog
C:\Users\Mark\Documents\Visual Studio 2012\Projects\Demoz\Demoz\Debug\link.8868.read.1.tlog
C:\Users\Mark\Documents\Visual Studio 2012\Projects\Demoz\Demoz\Debug\link.8868.write.1.tlog
C:\Users\Mark\Documents\Visual Studio 2012\Projects\Demoz\Demoz\Debug\link.9064.read.1.tlog
C:\Users\Mark\Documents\Visual Studio 2012\Projects\Demoz\Demoz\Debug\link.9064.write.1.tlog
C:\Users\Mark\Documents\Visual Studio 2012\Projects\Demoz\Demoz\Debug\link.9208-cvtres.read.1.tlog
C:\Users\Mark\Documents\Visual Studio 2012\Projects\Demoz\Demoz\Debug\link.9208-cvtres.write.1.tlog
C:\Users\Mark\Documents\Visual Studio 2012\Projects\Demoz\Demoz\Debug\link.9208-rc.read.1.tlog
C:\Users\Mark\Documents\Visual Studio 2012\Projects\Demoz\Demoz\Debug\link.9208-rc.write.1.tlog
C:\Users\Mark\Documents\Visual Studio 2012\Projects\Demoz\Demoz\Debug\link.9208.read.1.tlog
C:\Users\Mark\Documents\Visual Studio 2012\Projects\Demoz\Demoz\Debug\link.9208.write.1.tlog
C:\Users\Mark\Documents\Visual Studio 2012\Projects\Demoz\Demoz\Debug\link.9456-cvtres.read.1.tlog
C:\Users\Mark\Documents\Visual Studio 2012\Projects\Demoz\Demoz\Debug\link.9456-cvtres.write.1.tlog
C:\Users\Mark\Documents\Visual Studio 2012\Projects\Demoz\Demoz\Debug\link.9456-rc.read.1.tlog
C:\Users\Mark\Documents\Visual Studio 2012\Projects\Demoz\Demoz\Debug\link.9456-rc.write.1.tlog
C:\Users\Mark\Documents\Visual Studio 2012\Projects\Demoz\Demoz\Debug\link.9456.read.1.tlog
C:\Users\Mark\Documents\Visual Studio 2012\Projects\Demoz\Demoz\Debug\link.9456.write.1.tlog
C:\Users\Mark\Documents\Visual Studio 2012\Projects\Demoz\Demoz\Debug\link.9480-cvtres.read.1.tlog
C:\Users\Mark\Documents\Visual Studio 2012\Projects\Demoz\Demoz\Debug\link.9480-cvtres.write.1.tlog
C:\Users\Mark\Documents\Visual Studio 2012\Projects\Demoz\Demoz\Debug\link.9480-rc.read.1.tlog
C:\Users\Mark\Documents\Visual Studio 2012\Projects\Demoz\Demoz\Debug\link.9480-rc.write.1.tlog
C:\Users\Mark\Documents\Visual Studio 2012\Projects\Demoz\Demoz\Debug\link.9480.read.1.tlog
C:\Users\Mark\Documents\Visual Studio 2012\Projects\Demoz\Demoz\Debug\link.9480.write.1.tlog
C:\Users\Mark\Documents\Visual Studio 2012\Projects\Demoz\Demoz\Debug\link.9500-cvtres.read.1.tlog
C:\Users\Mark\Documents\Visual Studio 2012\Projects\Demoz\Demoz\Debug\link.9500-cvtres.write.1.tlog
C:\Users\Mark\Documents\Visual Studio 2012\Projects\Demoz\Demoz\Debug\link.9500-rc.read.1.tlog
C:\Users\Mark\Documents\Visual Studio 2012\Projects\Demoz\Demoz\Debug\link.9500-rc.write.1.tlog
C:\Users\Mark\Documents\Visual Studio 2012\Projects\Demoz\Demoz\Debug\link.9500.read.1.tlog
C:\Users\Mark\Documents\Visual Studio 2012\Projects\Demoz\Demoz\Debug\link.9500.write.1.tlog
C:\Users\Mark\Documents\Visual Studio 2012\Projects\Demoz\Demoz\Debug\link.9544-cvtres.read.1.tlog
C:\Users\Mark\Documents\Visual Studio 2012\Projects\Demoz\Demoz\Debug\link.9544-cvtres.write.1.tlog
C:\Users\Mark\Documents\Visual Studio 2012\Projects\Demoz\Demoz\Debug\link.9544-rc.read.1.tlog
C:\Users\Mark\Documents\Visual Studio 2012\Projects\Demoz\Demoz\Debug\link.9544-rc.write.1.tlog
C:\Users\Mark\Documents\Visual Studio 2012\Projects\Demoz\Demoz\Debug\link.9544.read.1.tlog
C:\Users\Mark\Documents\Visual Studio 2012\Projects\Demoz\Demoz\Debug\link.9544.write.1.tlog
C:\Users\Mark\Documents\Visual Studio 2012\Projects\Demoz\Demoz\Debug\link.9568-cvtres.read.1.tlog
C:\Users\Mark\Documents\Visual Studio 2012\Projects\Demoz\Demoz\Debug\link.9568-cvtres.write.1.tlog
C:\Users\Mark\Documents\Visual Studio 2012\Projects\Demoz\Demoz\Debug\link.9568-rc.read.1.tlog
C:\Users\Mark\Documents\Visual Studio 2012\Projects\Demoz\Demoz\Debug\link.9568-rc.write.1.tlog
C:\Users\Mark\Documents\Visual Studio 2012\Projects\Demoz\Demoz\Debug\link.9568.read.1.tlog
C:\Users\Mark\Documents\Visual Studio 2012\Projects\Demoz\Demoz\Debug\link.9568.write.1.tlog
C:\Users\Mark\Documents\Visual Studio 2012\Projects\Demoz\Demoz\Debug\link.9628-cvtres.read.1.tlog
C:\Users\Mark\Documents\Visual Studio 2012\Projects\Demoz\Demoz\Debug\link.9628-cvtres.write.1.tlog
C:\Users\Mark\Documents\Visual Studio 2012\Projects\Demoz\Demoz\Debug\link.9628-rc.read.1.tlog
C:\Users\Mark\Documents\Visual Studio 2012\Projects\Demoz\Demoz\Debug\link.9628-rc.write.1.tlog
C:\Users\Mark\Documents\Visual Studio 2012\Projects\Demoz\Demoz\Debug\link.9628.read.1.tlog
C:\Users\Mark\Documents\Visual Studio 2012\Projects\Demoz\Demoz\Debug\link.9628.write.1.tlog
C:\Users\Mark\Documents\Visual Studio 2012\Projects\Demoz\Demoz\Debug\link.9668-cvtres.read.1.tlog
C:\Users\Mark\Documents\Visual Studio 2012\Projects\Demoz\Demoz\Debug\link.9668-cvtres.write.1.tlog
C:\Users\Mark\Documents\Visual Studio 2012\Projects\Demoz\Demoz\Debug\link.9668-rc.read.1.tlog
C:\Users\Mark\Documents\Visual Studio 2012\Projects\Demoz\Demoz\Debug\link.9668-rc.write.1.tlog
C:\Users\Mark\Documents\Visual Studio 2012\Projects\Demoz\Demoz\Debug\link.9668.read.1.tlog
C:\Users\Mark\Documents\Visual Studio 2012\Projects\Demoz\Demoz\Debug\link.9668.write.1.tlog
C:\Users\Mark\Documents\Visual Studio 2012\Projects\Demoz\Demoz\Debug\link.9780-cvtres.read.1.tlog
C:\Users\Mark\Documents\Visual Studio 2012\Projects\Demoz\Demoz\Debug\link.9780-cvtres.write.1.tlog
C:\Users\Mark\Documents\Visual Studio 2012\Projects\Demoz\Demoz\Debug\link.9780-rc.read.1.tlog
C:\Users\Mark\Documents\Visual Studio 2012\Projects\Demoz\Demoz\Debug\link.9780-rc.write.1.tlog
C:\Users\Mark\Documents\Visual Studio 2012\Projects\Demoz\Demoz\Debug\link.9780.read.1.tlog
C:\Users\Mark\Documents\Visual Studio 2012\Projects\Demoz\Demoz\Debug\link.9780.write.1.tlog
C:\Users\Mark\Documents\Visual Studio 2012\Projects\Demoz\Demoz\Debug\link.command.1.tlog
C:\Users\Mark\Documents\Visual Studio 2012\Projects\Demoz\Demoz\Debug\link.read.1.tlog
C:\Users\Mark\Documents\Visual Studio 2012\Projects\Demoz\Demoz\Debug\link.write.1.tlog
C:\Users\Mark\Documents\Visual Studio 2012\Projects\Demoz\Demoz\Debug\vc110.idb
C:\Users\Mark\Documents\Visual Studio 2012\Projects\Demoz\Demoz\Debug\vc110.pdb
C:\Users\Mark\Documents\Visual Studio 2012\Projects\Demoz\Debug\Demoz.pdb
C:\Users\Mark\Documents\Visual Studio 2012\Projects\Demoz\Debug\Demoz.exe
C:\Users\Mark\Documents\Visual Studio 2012\Projects\Demoz\Debug\Demoz.ilk
